1980  10  0  -1.3   0.8   0.1  1.73  -0.04 17 219   -10 198.3
1980  37  0  -0.4   1.3  -0.4  1.72   0.03 20 214   -18 187.7
1980  64  0  -0.7   1.7  -0.3  1.53  -0.14 17 170    -3 165.0
1980  91  0  -0.3   0.1   0.2  1.82  -0.09 23 237   -13 209.6
1980 118  0   0.4   0.5   0.9  1.79  -0.42 17 239    -1 215.1
1980 145  0  -0.5   0.4  -0.3  2.01   0.15 23 231   -18 208.6
1980 172  0  -0.1  -0.6   0.7  1.87  -0.26 17 190     1 192.6
1980 199  0   0.3  -0.3  -0.3  1.75   0.02 23 192   -11 183.9
1980 226  0   1.3  -1.2  -0.2  2.30  -0.09 20 240    -6 193.3
1980 253  0   0.5  -0.3  -0.5  1.94   0.14 17 197    -5 174.5
1980 280  0   0.6  -0.2   0.2  2.59  -0.12 23 244   -25 209.1
1980 307  0   0.7  -1.0   0.3  2.55  -0.20 27 207   -17 213.1
1980 334  0  -0.4   0.4   0.8  3.09  -0.41 23 236   -22 218.7
1980 361  0  -0.4   0.1  -0.3  1.93   0.13 20 176   -10 175.1
1981  22  0  -0.4   0.1  -0.2  2.22   0.07 23 188   -18 187.7
1981  49  0   0.1   0.6   0.4  2.69  -0.25 27 196   -33 211.7
1981  76  0  -0.4   0.8  -0.1  2.42  -0.09 27 214   -24 215.8
1981 103  0  -0.2   0.8  -0.8  2.57   0.31 33 222   -42 214.0
1981 130  0  -0.1   0.1  -0.6  2.25   0.34 30 158   -31 182.0
1981 157  0  -1.5   1.1   0.5  2.34  -0.15 23 147    -5 166.7
1981 184  0  -0.6  -0.2  -0.3  2.59   0.17 27 204   -21 200.0
1981 211  0  -0.6  -0.3  -0.3  2.28   0.06 27 221   -27 214.7
1981 238  0  -0.6   0.2   0.2  2.70  -0.08 23 264   -21 242.1
1981 265  0   0.5  -0.8   0.5  3.04  -0.47 30 246   -32 219.6
1981 292  0   1.3  -0.4  -0.2  3.02   0.12 27 211   -37 222.0
1981 319  0  -0.7   1.5   0.1  2.34  -0.03 23 201   -21 210.4
1981 346  0  -1.1   0.3  -0.5  2.53   0.24 23 137   -13 169.6
1982   8  0  -1.5   0.9   0.3  3.70  -0.17 27 175   -10 185.5
1982  35  0  -0.4  -0.2  -1.9  4.00   0.74 40 219   -51 202.7
1982  62  0  -0.8   0.5   0.1  2.76  -0.15 23 220   -13 208.1
1982  89  0  -0.5   0.2  -0.4  2.70   0.07 30 177   -23 165.0
1982 116  0  -0.6   1.1   0.2  2.61  -0.15 27 114    -7 148.1
1982 143  0  -1.8   1.0   0.1  3.77   0.11 30 171    -8 176.6
1982 170  0   0.1   0.1  -1.0  3.74   0.41 33 135   -20 168.2
1982 197  0  -0.7  -0.3   0.2  3.54  -0.12 37 157   -40 168.4
1982 224  0  -0.6  -0.9   0.0  3.90  -0.15 33 167   -29 168.4
1982 251  0   1.9  -0.1   0.3  4.38  -0.43 33 164   -42 169.1
1982 278  0   0.5  -0.9  -0.4  3.66   0.13 30 125   -21 155.3
1982 305  0   0.7  -0.2   0.2 99.99 999.99 27 130   -26 163.8
1982 332  0   0.1   0.3  -0.0 99.99 999.99 30 169   -25 199.5
1982 359  0  -1.6   2.7   0.2 99.99 999.99 27 123   -19 144.5
1983  21  0   1.0  -1.6  -0.1 99.99 999.99 33  89   -34 128.3
1983  48  0   1.0  -2.0   0.5  3.12   0.12 30  82   -35 117.9
1983  75  0   1.4  -0.7  -0.4  2.69   0.28 33  84   -25 107.9
1983 102  0   0.8  -0.5  -0.1  3.65   0.20 33 128   -21 130.9
1983 129  0  -0.2   1.0   1.8  4.09  -0.85 27 129   -18 142.3
1983 156  0  -0.7   0.8  -0.1  2.80   0.20 27 134   -11 142.8
1983 183  0  -0.4   0.2   0.1  3.59  -0.00 23 109    -2 127.5
1983 210  0   1.7  -3.3   0.1  2.46  -0.25 23 105   -10 135.5
1983 237  0   1.3  -1.1   0.1  2.75  -0.20 27  74    -5 108.0
1983 264  0   0.3  -0.0   0.2  3.02  -0.20 27  89   -12 121.7
1983 291  0  -0.4   1.0   0.1  3.92  -0.01 30  52   -19  95.7
1983 318  0   0.0   0.6   0.5  3.80  -0.24 27  34   -11  88.6
1983 345  0  -0.2  -0.0  -0.3  3.69   0.05 30  39   -14  87.8
1984   7  0  -0.2  -0.7   0.1  3.31  -0.10 23  90    -4 120.6
1984  34  0  -0.8  -1.4   0.2  2.60   0.07 27 109   -19 136.4
1984  61  0  -0.6   0.6  -0.0  2.64  -0.03 30 113   -23 117.9
1984  88  0   1.4  -1.2   0.4  2.15   0.86 33  84   -26 121.0
1984 115  0  -0.1   0.3   0.9  4.40  -0.44 27 109   -18 143.5
1984 142  0  -0.2   0.2   0.2  2.77   0.03 27  75   -14 111.9
1984 169  0  -1.8   0.0   0.4  3.29  -0.40 27  80   -11 102.5
1984 196  0  -0.2   0.1  -0.1  3.12   0.13 27  32   -16  86.9
1984 223  0   0.2  -0.1   0.2  3.00  -0.17 27  44   -12  86.0
1984 250  0   0.3  -0.7   0.3  3.12  -0.21 30  11   -21  76.0
1984 277  0   1.4  -0.9   0.2  3.95  -0.09 33  13   -25  73.3
1984 304  0   1.7  -0.6   1.3  5.05  -0.48 30  23   -20  73.2
1984 331  0  -1.9   0.5   0.1  3.70   0.11 27  26   -16  75.3
1984 358  0   0.3   0.7  -0.3  3.08   0.00 27  13   -17  70.4
1985  19  0  -1.8  -0.1   0.5  4.16  -0.46 27  24   -21  73.6
1985  46  0  -0.8  -0.7   0.8  2.85  -0.41 23  15   -18  70.3
1985  73  0  -1.3   0.3   0.4  3.47  -0.27 20  22    -6  73.9
1985 100  0  -1.6   1.0   0.1  3.18  -0.16 27  20   -27  76.9
1985 127  0   0.1  -0.7   0.2  2.74  -0.08 17  33    -4  82.9
1985 154  0   0.9  -1.1   0.1  2.90  -0.11 20  31    -6  79.2
1985 181  0   0.5  -0.5  -0.2  2.64   0.31 23  37   -10  80.9
1985 208  0   1.6  -1.6  -0.3  3.16   0.01 23  19   -11  75.0
1985 235  0   0.8  -0.6  -0.1  2.92   0.00 23   5   -12  71.7
1985 262  0   1.0  -0.2   0.2  2.90  -0.03 27   4   -23  68.2
1985 289  0   1.5  -1.4   0.0  3.31  -0.39 23  29   -19  76.4
1985 316  0   1.6  -1.4   0.3  3.08  -0.24 23  18   -21  72.6
1985 343  0  -0.3  -0.9   0.6  3.60  -0.24 23  15   -26  72.6
1986   5  0  -0.9   0.7   0.4  2.76  -0.19 23   3   -15  71.3
1986  32  0  -1.6   0.4  -0.1  3.35  -0.06 30  28   -45  81.7
1986  59  0  -0.7   1.1  -0.1  2.88  -0.20 23  15   -27  77.2
1986  86  0  -2.4   0.4   0.2  2.69  -0.28 17  13   -15  72.9
1986 113  0  -1.9   0.7   0.3  3.13  -0.26 20  20   -15  75.3
1986 140  0   0.6  -0.4   0.0  2.73  -0.02 17  12    -4  73.3
1986 167  0   1.1  -1.0   0.0  3.01   0.00 17  10    -0  70.3
1986 194  0   0.7  -1.0   0.4  2.95  -0.26 20  15    -4  72.8
1986 221  0   2.6  -1.5   0.1  2.79  -0.32 23   9   -12  69.4
1986 248  0   1.4  -0.6   0.9  3.45  -0.54 27   4   -24  69.5
1986 275  0   1.8  -1.7  -0.1  2.99  -0.32 20  38   -13  81.9
1986 302  0   1.6  -1.1  -0.0  3.16  -0.36 20  24   -13  77.6
1986 329  0   1.5  -0.4  -0.2  3.00   0.07 20   5   -15  71.3
1986 356  0  -1.6   1.4  -0.3  3.16   0.10 17   6    -5  69.7
1987  18  0  -2.7   1.6  -0.3  2.87  -0.08 17   7    -7  69.8
1987  45  0  -2.6   1.8   0.1  2.78  -0.40 23  12   -11  71.8
1987  72  0  -1.5   1.9   0.6  2.80  -0.62 20  22    -8  75.6
1987  99  0  -2.2   2.0   0.4  2.39  -0.41 13  47    -2  86.3
1987 126  0  -0.6   0.1  -0.2  2.91   0.18 17  39    -3  90.6
1987 153  0  -0.1   0.5   0.3  2.57  -0.13 17  19    -4  80.8
1987 180  0   0.8  -0.9   0.1  2.59  -0.10 20  28    -0  83.3
1987 207  0   1.1  -0.1  -0.1  2.61   0.00 23  60   -14  96.2
1987 234  0   1.1  -0.1  -0.8  3.55   0.34 30  44   -22  89.4
1987 261  0   1.9   0.7   1.6  3.31  -0.51 27  43   -24  88.2
1987 288  0   0.9  -0.7  -0.7  3.60   0.24 27  65   -27  98.5
1987 315  0   0.0   0.2   0.1  2.83  -0.10 23  40   -21  96.6
1987 342  0  -0.8   1.1  -0.0  2.95   0.12 17  32   -18  93.6
1988   4  0  -0.1   0.1   0.2  3.13  -0.28 23  74   -25 105.3
1988  31  0   0.5   0.1  -0.9  2.45   0.26 23  46   -23 102.8
1988  58  0  -2.3   1.8  -0.0  3.24  -0.28 20  78   -12 108.2
1988  85  0  -0.3  -0.2   0.3  2.90  -0.14 30 132   -32 130.6
1988 112  0  -0.8   0.6  -0.0  3.75  -0.05 23  74   -22 111.3
1988 139  0  -0.1  -0.0   0.2  2.19  -0.03 17 101    -6 135.9
1988 166  0   0.8  -1.5  -0.4  2.54   0.21 23 119   -10 149.7
1988 193  0   1.0  -2.4  -0.2  1.85  -0.05 20 139   -13 157.4
1988 220  0   0.7   0.2  -0.1  2.15   0.07 23 135   -19 157.1
1988 247  0   1.4  -1.0  -0.3  2.12  -0.12 23 142   -19 151.1
1988 274  0   1.3  -1.3   0.2  2.53  -0.33 23 157   -25 170.9
1988 301  0   0.8  -1.8   0.4  2.40  -0.39 23 167   -22 158.1
1988 328  0  -0.1  -0.3   0.0  2.31  -0.02 23 186   -25 168.6
1988 355  0   0.5  -0.8   0.1  2.41   0.07 27 238   -32 224.9
1989  16  0   0.1  -0.6  -0.6  2.33   0.34 33 196   -35 218.7
1989  43  0   0.2  -0.3   0.3  2.70   0.09 27 192   -25 206.6
1989  70  0   0.5   0.9   0.9  5.64  -0.43 43 175   -73 205.7
1989  97  0  -0.5   0.1  -0.3  3.41   0.05 30 165   -35 190.9
1989 124  0   0.3  -0.5   0.0  3.21   0.11 27 204   -23 195.4
1989 151  0   0.7  -0.3  -0.5  2.01   0.15 27 283   -27 248.7
1989 178  0   0.4  -0.1   0.4  1.94  -0.09 17 196    -3 195.5
1989 205  0   1.7  -0.6   0.2  2.77   0.02 27 245   -13 224.5
1989 232  0   2.0  -1.3   1.4  2.51  -0.82 27 234   -28 233.9
1989 259  0  -0.2  -0.9   0.9  3.39  -0.60 23 190   -26 198.1
1989 286  0   1.5   0.2  -0.2  3.70   0.14 30 225   -43 212.3
1989 313  0   2.1  -1.9   1.0  3.55  -0.94 30 226   -40 227.0
1989 340  0   1.5  -1.9   1.1  3.03  -0.44 27 206   -18 205.2
1990   2  0   1.5  -1.2   1.1  3.05  -0.36 23 225   -18 201.8
1990  29  0   1.5  -2.3  -0.4  3.08   0.51 33 163   -37 171.8
1990  56  0  -0.1  -0.6   0.3  3.94  -0.02 30 198   -38 186.5
1990  83  0   1.6  -2.1  -1.6  3.23   0.93 37 192   -55 188.3
1990 110  0   0.5  -0.4  -0.7  3.04   0.20 27 174   -31 185.7
1990 137  0   1.1  -0.0  -1.5  3.39   0.57 30 173   -23 195.6
1990 164  0   0.7  -1.0   0.8  2.71  -0.40 20 196    -8 193.2
1990 191  0   1.3  -1.5   0.6  2.10  -0.36 23 167   -10 174.8
1990 218  0  -1.0  -0.4   0.5  3.37  -0.24 30 261   -26 232.2
1990 245  0  -0.3   0.5  -0.2  2.41   0.21 27 170   -12 181.4
1990 272  0   0.4  -0.3   0.0  2.71  -0.04 23 210   -14 185.1
1990 299  0   0.2   0.3   0.5  2.14  -0.17 20 172    -4 179.5
1990 326  0   1.0  -0.5   0.4  2.19  -0.08 17 205    -7 193.0
1990 353  0   0.5  -0.3   0.5  1.96  -0.27 17 159    -1 188.8
1991  15  0  -0.0  -0.9   0.7  2.70  -0.07 20 222   -11 239.2
1991  42  0   0.4  -0.5   0.1  2.46   0.06 23 217   -12 233.6
1991  69  0   2.8  -2.3   1.0  3.04  -0.05 33 211   -42 226.8
1991  96  0  -1.9   0.4   0.9  2.35  -0.38 27 197   -17 198.4
1991 123  0  -0.7   0.6   2.2  2.71  -0.90 23 168   -13 194.9
1991 150  0  -1.7  -0.9  -0.7  7.45   0.04 43 224   -49 213.0
1991 177  0  -0.3   0.6  -0.8  3.74   0.45 33 228   -39 215.6
1991 204  0   0.9  -0.5  -0.0  3.07  -0.16 30 217   -30 207.3
1991 231  0  -0.7  -0.4  -0.1  3.71  -0.11 37 244   -41 210.5
1991 258  0   0.8   0.6   0.4  4.25  -0.10 33 171   -33 187.5
1991 285  0  -0.7  -0.2  -0.3  5.34   0.05 37 201   -50 200.6
1991 312  0  -0.3   0.3  -0.4  4.60   0.35 33 147   -53 163.0
1991 339  0   0.5   0.3   1.0  3.70  -0.41 27 220   -21 223.3
1992   1  0  -1.0   1.0   0.6  3.07  -0.17 27 187   -20 202.8
1992  28  0  -0.1  -0.8  -0.6  4.63   0.30 33 228   -45 229.4
1992  55  0  -2.8   2.9   0.3  4.16  -0.77 30 177   -24 181.3
1992  82  0  -0.8   1.2   1.1  2.86  -0.59 23 123   -14 163.4
1992 109  0  -0.5   0.7  -0.1  3.21  -0.54 27 147   -24 149.0
1992 136  0   0.2   1.4   0.7  3.04  -0.29 23  88   -16 121.5
1992 163  0   0.2   0.7   0.0  3.75  -0.01 23  99   -11 128.8
1992 190  0  -0.1   0.2   0.6  3.18  -0.23 20 119    -3 132.8
1992 217  0  -0.4   1.1   1.0  3.49  -0.22 27  90   -14 126.0
1992 244  0   2.0  -0.4  -0.4  3.33   0.11 30  90   -30 117.3
1992 271  0   0.4  -2.1   1.2  4.14  -0.98 27 119   -23 120.2
1992 298  0   0.2   1.5   0.4  3.47   0.13 27 135   -25 145.2
1992 325  0   0.3  -0.3   0.0  2.69   0.05 23 130   -14 143.2
1992 352  0   0.1   0.8  -0.7  4.00   0.36 27 114   -20 129.2
1993  13  0   1.2  -0.4   0.1  3.47   0.11 27  86   -18 124.2
1993  40  0   0.6  -0.1  -0.0  3.04  -0.09 27 129   -24 138.7
1993  67  0   1.9  -1.1   0.3  3.32  -0.02 33  95   -32 129.1
1993  94  0   0.7   0.1  -0.0  3.48   0.03 30  93   -21 116.3
1993 121  0  -2.0   1.0   0.3  3.35  -0.10 20  73   -11 111.6
1993 148  0  -1.7   1.8   0.7  3.06  -0.36 20  71    -9 113.0
1993 175  0  -0.5   0.7   0.9  3.29  -0.39 20  83    -4 106.7
1993 202  0  -0.6   0.6  -0.2  2.97   0.19 20  72    -5 102.0
1993 229  0  -1.0   0.4  -0.4  2.87   0.09 20  43   -13  87.5
1993 256  0  -1.2  -1.3   0.7  3.16  -0.42 23  58   -22 101.4
1993 283  0   0.8   1.1   0.1  3.29   0.09 27  53   -25  91.9
1993 310  0  -0.1  -0.7  -0.6  3.16   0.29 23  55   -20  94.7
1993 337  0   0.5  -0.1   0.4  2.81  -0.08 23  63   -22  98.7
1993 364  0   0.0  -0.7   0.5  2.99   0.00 27  91   -14 114.1
1994  26  0   0.9  -0.1  -0.6  3.93   0.49 37  58   -33  99.4
1994  53  0   1.7  -0.6   0.7  3.24  -0.05 33  55   -41  92.0
1994  80  0   0.4  -0.3   0.5  2.88  -0.03 37  22   -37  81.5
1994 107  0   1.5   0.3   0.1  3.05  -0.04 30  38   -27  81.2
1994 134  0  -0.3   0.3  -0.1  2.88   0.02 30  25   -22  80.5
1994 161  0  -1.3   0.6   0.0  3.11  -0.05 23  49   -13  83.2
1994 188  0   0.1   0.5   0.3  2.72  -0.13 20  48    -7  81.7
1994 215  0  -0.8   0.6  -0.0  2.69  -0.03 17  35    -4  77.6
1994 242  0  -0.1  -0.1   0.2  2.82   0.02 20  42   -11  81.1
1994 269  0  -0.1   0.9  -0.1  3.11   0.16 27  60   -23  83.5
1994 296  0  -0.8   1.1   0.1  3.09   0.17 27  47   -32  84.1
1994 323  0  -0.3   1.1  -0.2  2.75   0.28 27  28   -19  80.8
1994 350  0   0.3   0.5  -0.2  2.66   0.13 23  24   -13  76.7
1995  12  0   0.1  -0.1  -0.5  2.62   0.23 23  45   -19  83.5
1995  39  0   1.6   0.4  -0.2  2.70   0.02 23  52   -24  84.5
1995  66  0   0.5   0.0   0.3  2.69  -0.07 23  37   -19  83.0
1995  93  0   0.3   0.0  -0.0  2.67   0.05 23  22   -25  78.8
1995 120  0   1.1  -0.5  -0.3  3.00   0.25 27  20   -24  78.3
1995 147  0   0.3   0.2  -0.2  2.63   0.10 23  21   -12  77.1
1995 174  0  -0.7   0.1   0.1  2.58   0.03 17  25    -3  78.2
1995 201  0  -0.6   0.5  -0.3  2.22   0.17 20  12    -8  73.5
1995 228  0  -1.6   0.9  -0.2  2.54   0.24 20  16   -12  74.8
1995 255  0  -0.6   0.7  -0.5  2.43   0.32 23  15   -24  72.6
1995 282  0  -1.1   1.0  -0.2  2.45   0.23 23  35   -28  78.3
1995 309  0  -0.6   0.4  -0.1  2.55   0.11 17  16    -9  72.6
1995 336  0   0.5   0.6  -0.3  2.62   0.14 17  15   -13  70.0
1995 363  0   1.3  -1.0   0.1  2.68   0.03 17  13   -10  72.2
1996  25  0   2.4  -1.4  -0.0  2.43   0.21 20   6   -11  69.9
1996  52  0   1.5  -1.3  -0.2  2.38   0.31 23  12   -16  70.0
1996  79  0   1.9  -1.1  -0.2  2.45   0.27 23  10   -16  70.1
1996 106  0   0.7  -0.6  -0.1  2.42   0.15 20   9   -11  71.9
1996 133  0   0.8  -0.1   0.1  2.55  -0.03 17   9    -3  70.8
1996 160  0  -0.7   0.8   0.0  2.22   0.01 13  15     2  71.7
1996 187  0  -1.6   0.9   0.1  2.38   0.02 17  12    -3  73.8
1996 214  0  -1.3   0.6  -0.1  2.22   0.13 17  20    -6  74.0
1996 241  0  -1.1   0.8  -0.2  2.40   0.29 27   6   -20  70.8
1996 268  0  -0.5   0.4  -0.1  2.56   0.12 23   0   -17  69.0
1996 295  0  -0.7   0.5  -0.2  2.50   0.17 20   7   -20  69.2
1996 322  0  -0.3   0.0   0.0  2.32  -0.04 17  28   -11  79.2
1996 349  0  -0.0  -0.3   0.1  2.14   0.01 13  12    -6  75.3
1997  10  0   1.0  -0.2  -0.1  2.43   0.08 20  12   -13  72.5
1997  37  0   1.9  -0.9  -0.5  2.31   0.35 20   5   -22  71.4
1997  64  0   1.2  -0.8  -0.3  2.16   0.26 17  14   -13  72.9
1997  91  0   0.9  -0.8   0.2  2.58   0.04 20  24   -18  75.2
1997 118  0   0.1  -0.4  -0.4  2.20   0.19 13  23   -13  75.3
1997 145  0  -0.0  -0.9  -0.7  2.07   0.30 17  25   -14  75.8
1997 172  0  -0.8   0.5  -0.2  2.14   0.08 13  11    -6  71.9
1997 199  0  -1.0   0.6   0.1  2.52   0.01 17  29    -4  77.1
1997 226  0  -1.3   0.6   0.1  2.08   0.07 17  46   -12  89.1
1997 253  0  -2.3   1.1   0.5  2.04  -0.02 20  49   -20  92.9
1997 280  0  -1.4   1.1  -0.1  2.30   0.20 17  36   -25  84.9
1997 307  0  -0.3   0.1  -0.3  2.23   0.14 17  49   -25  97.2
1997 334  0   1.1  -1.4  -0.2  1.88   0.06 10  55    -8  95.7
1997 361  0   0.8   0.6   0.6  2.50  -0.24 13  38    -9  90.6
1998  23  0   1.7  -1.4  -0.0  2.31   0.17 17  57    -9  91.3
1998  50  0   0.7  -1.0  -0.1  2.30   0.22 20  67   -18  98.7
1998  77  0   1.7  -1.3   0.4  2.14   0.05 20  95   -15 118.9
1998 104  0   1.2  -0.1  -0.8  2.86   0.38 27  61   -27 107.0
1998 131  0   0.6  -0.7   0.1  2.29  -0.00 20  71   -15 105.4
1998 158  0   0.3   0.1   0.4  2.30  -0.16 20  98   -11 113.4
1998 185  0  -0.1   0.4   0.2  2.09  -0.01 20  92   -11 116.5
1998 212  0  -1.5   1.9   0.6  2.29   0.02 20 117   -15 135.6
1998 239  0  -0.9   0.7  -0.3  1.79   0.31 20 135   -24 145.4
1998 266  0  -1.3   0.9  -0.4  2.03   0.35 23  98   -28 123.5
1998 293  0   0.1   0.8  -0.5  2.21   0.30 27  85   -34 126.4
1998 320  0  -0.3   0.5  -0.3  2.02   0.08 20 115   -13 139.3
1998 347  0  -0.6   0.4   0.1  2.12  -0.08 17  98    -5 142.8
1999   9  0  -1.7   1.6  -0.1  1.84  -0.17 17  79   -18 134.4
1999  36  0   0.5   1.1  -0.4  2.31   0.02 23 112   -23 141.8
1999  63  0  -0.9   1.7  -0.3  2.30  -0.16 23 101   -15 125.6
1999  90  0  -0.8   0.7   0.2  2.01  -0.15 20  94   -12 117.5
1999 117  0  -0.5   0.1   0.3  1.85  -0.08 20 140    -4 145.8
1999 144  0   0.8   0.1   0.5  1.56  -0.18 17 185     8 163.5
1999 171  0  -0.6   0.6  -0.3  1.36   0.04 17 195     1 175.3
1999 198  0  -1.0   1.1   0.3  1.92   0.04 20 166    -5 174.2
1999 225  0  -1.2   0.8  -0.4  1.93   0.32 27 124   -18 164.4
1999 252  0  -0.1  -0.1   0.0  2.54   0.05 30 106   -27 137.9
1999 279  0  -1.3   0.8   0.0  2.50   0.21 30 179   -32 168.5
1999 306  0   0.2   0.2  -0.5  2.21   0.28 27 194   -25 190.9
1999 333  0  -0.4  -0.2   0.6  2.18  -0.21 20 123    -5 168.5
1999 360  0  -0.3  -0.3  -0.1  1.92   0.08 20 134   -11 158.8
2000  22  0   0.0  -0.6  -0.5  2.72   0.28 27 140   -24 149.8
2000  49  0  -0.8   0.2   0.3  1.92  -0.16 20 188   -13 193.9
2000  76  0  -0.2   0.6   0.0  2.08  -0.03 23 221   -20 202.7
2000 103  0   0.4   0.3   0.2  1.80  -0.16 20 158   -12 168.8
2000 130  0  -0.0   0.3  -0.5  2.35   0.10 23 182   -16 200.6
2000 157  0  -0.0   0.1   0.3  2.56  -0.10 27 198   -11 186.8
2000 184  0   0.6   0.7   0.8  3.16  -0.41 27 256   -24 219.2
2000 211  0  -0.7   1.2  -0.2  2.04   0.28 23 181   -26 168.7
2000 238  0  -0.3   0.3   0.3  2.32  -0.25 27 141   -21 164.7
2000 265  0  -0.2   1.4  -0.6  2.18   0.40 27 169   -37 184.1
2000 292  0   0.7   0.7   0.3  2.39  -0.05 27 150   -26 169.7
2000 319  0   0.6   0.5  -0.3  2.67   0.16 23 134   -15 166.3
2000 346  0  -0.0   0.0   0.0  1.84  -0.02 13 158    -2 176.0
2001   7  0  -0.7   0.4  -0.7  2.08   0.19 20 139   -11 159.5
2001  34  0  -0.7   0.2   0.0  1.59  -0.04 13 120    -3 141.4
2001  61  0  -0.8   0.7  -0.7  2.16   0.11 23 151   -19 169.2
2001  88  0   1.4  -1.4  -0.3  2.78   0.35 33 177   -50 184.4
2001 115  0   0.2   1.2  -0.7  1.73   0.14 20 144   -12 160.3
2001 142  0   0.5   0.7   0.3  1.67  -0.20 17 193     1 166.2
2001 169  0  -0.2   0.3  -0.2  1.59   0.05 17 147    -4 158.6
2001 196  0  -0.7   0.3  -0.3  2.00   0.09 20 142    -2 143.5
2001 223  0  -0.3   0.1   0.7  2.06  -0.28 20 168    -8 180.9
2001 250  0  -1.2   0.1  -0.1  2.55   0.09 27 249   -25 238.9
2001 277  0   0.6   1.4  -0.2  2.50   0.30 23 192   -40 206.5
2001 304  0   0.4   0.6   0.3  2.39  -0.24 20 176   -45 209.3
2001 331  0  -0.2  -0.0   0.2  2.05  -0.16 17 199   -17 216.9
2001 358  0   0.4  -0.6   0.3  2.82  -0.12 20 200   -12 223.9
2002  20  0   0.1  -1.6   0.2  2.05   0.04 20 188   -17 218.5
2002  47  0  -0.1   0.1   0.5  2.24  -0.30 20 146   -10 186.1
2002  74  0  -0.8   1.6   1.7  2.53  -0.91 17 171    -6 188.6
2002 101  0  -1.9   1.6  -0.5  2.44   0.01 23 190   -22 182.7
2002 128  0  -0.4   0.8  -0.1  2.02  -0.03 20 178   -23 182.0
2002 155  0   0.7   0.2  -0.2  1.74   0.10 17 122    -5 150.4
2002 182  0   0.6  -0.2  -0.1  2.45   0.05 23 143    -6 171.0
2002 209  0  -0.2  -1.1   0.1  2.15  -0.13 23 203   -22 198.3
2002 236  0   0.1   0.1  -0.3  2.08   0.11 23 182   -33 187.5
2002 263  0   0.1   1.3  -0.1  2.06   0.26 27 156   -44 160.1
2002 290  0  -1.4   0.5   0.4  2.57  -0.10 30 168   -36 171.5
2002 317  0  -0.7   0.0  -0.5  2.77   0.14 27 125   -32 153.2
2002 344  0   0.1  -0.1   0.4  2.96  -0.17 23 126   -22 150.0
2003   6  0   0.0  -1.3  -0.0  2.56   0.06 23 140   -13 140.9
2003  33  0  -0.2  -0.2  -0.2  2.95   0.03 30  76   -20 121.4
2003  60  0  -0.4  -0.1   0.0  2.78  -0.10 30  90   -23 127.4
2003  87  0  -0.3   0.0  -0.3  2.93   0.07 33  94   -25 125.4
2003 114  0  -0.2  -0.3  -0.2  2.85   0.18 33 106   -23 123.9
2003 141  0  -0.2  -0.2   0.0  4.09  -0.00 37 105   -25 135.4
2003 168  0  -0.4  -0.1  -0.4  2.75   0.20 33 119   -24 128.9
2003 195  0   1.2  -1.3  -0.2  3.10  -0.02 33 127   -21 129.3
2003 222  0   0.2  -0.6  -0.2  2.37   0.01 33 108   -22 121.5
2003 249  0   0.2   0.2  -0.3  1.96   0.17 27  82   -16 115.2
2003 276  0   0.4  -1.0   0.4  2.64  -0.48 30  86   -23 143.6
2003 303  0  -0.3   0.3  -0.5  3.13   0.16 40  83   -48 142.0
2003 330  0  -0.4  -0.1  -0.2  2.12   0.14 27  91   -14 117.4
2003 357  0  -0.4  -0.2   0.0  2.41  -0.01 27  64   -14 117.2
2004  19  0   0.4  -0.0  -0.6  2.45   0.30 30  68   -24 104.5
2004  46  0   0.3  -0.1  -0.0  1.51   0.03 23  62   -12 103.5
2004  73  0   0.5  -0.7   0.3  1.71  -0.01 23  82   -15 112.7
2004 100  0   0.8  -0.6   0.2  1.75  -0.00 20  56    -3  99.5
2004 127  0   0.3  -0.6  -0.0  1.84   0.07 20  75     2 103.3
2004 154  0  -0.1   0.0   0.1  1.75   0.00 17  69     7 101.8
2004 181  0  -0.1   0.7  -0.5  1.95   0.39 23  85    -4 123.2
2004 208  0  -0.2   0.1  -0.1  1.88   0.22 20  76   -26 116.5
2004 235  0   0.7  -0.1  -0.5  1.67   0.22 17  56   -12 107.2
2004 262  0   0.6  -0.1  -0.1  1.99  -0.00 17  30    -5  91.4
2004 289  0   0.5  -0.4  -0.5  3.04   0.35 20 107   -19 122.0
2004 316  0   0.9  -0.7   0.3  2.74  -0.20 20  53   -28 100.9
2004 343  0   0.2   0.4  -0.0  2.84   0.01 23  27   -17  91.3
2005   4  0   0.3   0.1   0.7  3.83  -0.43 30  49   -28 100.1
2005  31  0  -0.2  -0.5   0.5  2.38  -0.12 20  46   -12  96.0
2005  58  0   0.1  -0.4   0.3  2.28  -0.06 20  41    -9  90.4
2005  85  0   0.5  -0.4  -0.0  2.08   0.11 20  38    -9  82.8
2005 112  0  -1.0   0.4  -0.2  2.17   0.06 23  59   -22 104.0
2005 139  0  -0.8  -0.4  -0.3  2.18   0.21 20  63   -21  98.7
2005 166  0   0.2   0.1  -0.4  2.50   0.14 20  72   -11 101.2
2005 193  0   0.1   0.0  -0.4  2.57   0.14 23  43   -16  92.9
2005 220  0   0.6  -0.2   0.2  2.73  -0.14 23  52   -22  87.7
2005 247  0  -0.3   1.5   0.0  2.32   0.31 27  39   -33  93.6
2005 274  0  -0.5   0.3  -0.3  2.04   0.12 17  13   -11  76.4
2005 301  0  -0.4   0.6  -0.2  2.00   0.08 17  24   -12  83.5
2005 328  0  -1.3   1.2   0.0  2.12  -0.03 17  50    -8  86.6
2005 355  0  -0.7   0.9   0.4  2.16  -0.26 13  37    -4  81.8
2006  17  0  -0.3   1.1  -0.2  2.11  -0.07 13  15    -5  79.3
2006  44  0  -0.4   0.5   0.1  2.16  -0.09 13   6    -5  74.4
2006  71  0  -0.8   0.7  -0.2  2.08  -0.02 17  37   -11  80.8
2006  98  0  -0.6   0.4   0.1  1.84  -0.04 17  45   -17  88.4
2006 125  0  -0.5   0.3  -0.1  1.97  -0.03 17  34    -7  81.2
2006 152  0  -0.6   0.3   0.2  1.84  -0.06 17  22    -6  78.0
2006 179  0  -0.6   0.8   0.3  1.94  -0.08 13  25    -6  79.9
2006 206  0  -0.6   0.6   0.4  2.22  -0.07 17  19   -11  80.5
2006 233  0   0.1   0.2  -0.2  1.83   0.08 17  27   -13  82.0
2006 260  0  -0.3   0.4   0.0  2.09   0.05 17  18   -12  74.5
2006 287  0   0.3   0.1  -0.1  1.96   0.06 17  25   -14  76.6
2006 314  0  -0.3  -0.1   0.2  1.77  -0.07 17  34   -19  85.6
2006 341  0  -0.1   0.6  -0.2  2.54   0.15 23  18   -33  80.2
2007   3  0  -0.5  -0.1   0.3  1.95  -0.13 17  28   -15  80.1
2007  30  0  -0.5  -0.4   0.1  1.64  -0.03 17  19   -15  76.7
2007  57  0  -0.6  -0.1   0.1  1.91  -0.10 17   8   -12  71.2
2007  84  0   0.1   0.2   0.2  1.76  -0.09 17   4   -11  71.0
2007 111  0   0.3  -0.3  -0.1  1.81   0.06 13  20    -7  78.6
2007 138  0   0.8  -0.1   0.2  1.90  -0.11 17  27    -8  77.5
2007 165  0   0.0  -0.2  -0.1  1.75   0.02 13  11    -4  73.0
2007 192  0   0.1  -0.1  -0.1  1.84   0.02 13  12    -8  72.6
2007 219  0   0.2  -0.5  -0.1  1.78  -0.04 13  11    -6  70.8
2007 246  0   0.3   0.0   0.2  1.71  -0.05 17   3    -5  67.6
2007 273  0   0.1  -0.5  -0.1  1.68  -0.01 13   2    -6  67.2
2007 300  0   0.6  -0.3   0.0  1.80  -0.03 13   2    -5  67.4
2007 327  0  -0.0  -0.4  -0.1  1.79   0.06 13  21    -6  76.7
2007 354  0  -0.3   0.1   0.0  1.77  -0.02 17   4    -8  72.7
2008  16  0  -0.6   0.6   0.0  1.78  -0.06 17   3   -13  69.4
2008  43  0  -0.7   0.4  -0.1  1.81  -0.03 20   2   -18  69.0
2008  70  0  -0.6   0.4   0.0  1.68  -0.07 20  19   -17  74.0
2008  97  0  -0.7   0.2   0.1  1.69  -0.11 20   2   -13  69.8
2008 124  0  -0.2   0.4   0.2  1.70  -0.09 13   5    -5  70.0
2008 151  0   0.5  -0.2   0.1  1.64  -0.05 13   6    -6  68.0
2008 178  0   0.3  -0.4   0.2  1.65  -0.13 13   1    -3  67.9
2008 205  0  -0.0  -0.6  -0.0  1.53  -0.05 13   0    -5  67.8
2008 232  0   1.0  -0.7   0.1  1.47  -0.16 10   1    -3  67.8
2008 259  0   1.0  -0.9  -0.0  1.48  -0.12 13   2    -5  67.9
2008 286  0   1.0  -0.8   0.2  1.44  -0.17 10   7    -6  67.7
2008 313  0   0.2  -0.5   0.1  1.41  -0.03 10   4    -3  67.1
2008 340  0   0.1  -0.2  -0.3  1.43   0.10 10   1    -1  67.0
2009   1  0  -0.5  -0.1  -0.2  1.34   0.11 10   2    -6  67.6
2009  28  0  -0.1   0.1   0.0  1.51  -0.03 10   1    -6  68.0
2009  55  0  -0.5   0.9   0.2  1.51  -0.22 13   1    -6  68.2
2009  82  0  -0.6   0.2  -0.0  1.37  -0.04 13   0    -3  70.0
2009 109  0  -0.2   0.3  -0.0  1.26  -0.03 10   3    -2  71.4
2009 136  0  -0.2  -0.3  -0.1  1.14   0.05  7   6    -1  72.2
2009 163  0   0.4  -0.1   0.1  1.41  -0.03 10   7     1  70.4
2009 190  0   0.6  -0.5  -0.0  1.29  -0.05 10   2    -8  69.9
2009 217  0   1.3  -0.6   0.1  1.42  -0.14 10   0    -6  69.0
2009 244  0   1.1  -0.8   0.0  1.28  -0.11 10   6    -2  71.0
2009 271  0   0.6  -0.9   0.1  1.36  -0.15  7   4     1  70.6
2009 298  0   0.4  -0.9   0.0  1.25  -0.09  7  13    -3  73.2
2009 325  0   0.5  -0.5   0.1  1.27  -0.03  7   8     1  72.5
2009 352  0  -0.3   0.0   0.3  1.24  -0.08  7  21     2  77.3
2010  14  0   0.1  -0.3   0.1  1.30   0.01 10  23    -6  79.1
2010  41  0  -0.2  -0.5   0.2  1.31  -0.06 10  27    -9  82.0
2010  68  0  -0.1  -0.0   0.1  1.44  -0.02 13  24    -7  83.4
2010  95  0  -0.3  -0.1   0.1  1.67   0.03 17   8   -18  76.3
2010 122  0  -0.2   0.1   0.2  1.75  -0.04 13  13   -11  75.3
2010 149  0  -0.0   0.1  -0.3  1.61   0.18 17  20   -13  74.5
2010 176  0   0.4  -0.5  -0.0  1.43   0.04 13  19    -7  79.3
2010 203  0   0.9  -0.7  -0.1  1.59  -0.05 17  39   -14  86.2
2010 230  0   0.5  -1.3   0.1  1.46  -0.21 10  21    -8  77.7
2010 257  0   0.7  -0.7   0.2  1.42  -0.18 10  33    -7  81.9
2010 284  0   0.7  -0.6   0.1  1.79  -0.16 13  38   -12  82.1
2010 311  0   1.0  -0.2   0.2  1.63  -0.11 13  37    -9  81.3
2010 338  0   0.3   0.0  -0.0  1.61   0.01 10  23    -8  81.1
2010 365  0   0.2  -0.0  -0.4  1.68   0.13 13  30    -6  81.4
2011  27  0   0.5  -0.8   0.0  1.70   0.08 13  46   -11  90.6
2011  54  0   0.2  -0.4   0.1  1.61  -0.05 17  66   -12 110.1
2011  81  0  -1.0   0.8   0.4  1.62  -0.25 17  82    -8 112.5
2011 108  0  -0.0   0.3  -0.1  1.54  -0.02 13  67    -9 108.0
2011 135  0   0.3   0.0   0.1  1.97  -0.05 20  65   -15  97.3
2011 162  0   0.4  -0.7  -0.1  1.66  -0.02 17  42    -9  94.7
2011 189  0   0.7  -0.8   0.0  1.66  -0.13 17  74    -7 102.7
2011 216  0   1.1  -1.4   0.0  1.57  -0.19 13  60   -14 101.7
2011 243  0   0.7  -0.4   0.0  1.88  -0.06 17 121   -18 134.8
2011 270  0   1.3  -0.6   0.3  1.89  -0.22 17 130   -16 137.8
2011 297  0   0.8  -0.5   0.6  1.38  -0.26 10 131   -19 150.6
2011 324  0   0.8  -1.2  -0.1  1.43  -0.03 13 122    -8 137.7
2011 351  0   0.1  -0.7   0.2  1.81  -0.04 10  98    -0 131.9
2012  13  0   0.5  -1.3   0.1  2.02   0.10 17  80   -11 122.2
2012  40  0   0.1  -0.3  -0.2  2.12   0.09 20  54   -18 106.7
2012  67  0   0.4  -0.7  -0.6  2.24   0.44 23  89   -31 112.5
2012  94  0   0.5  -1.0  -0.3  1.76   0.27 20  86   -19 114.5
2012 121  0   0.4  -0.6   0.1  1.52   0.06 17  99    -9 125.8
2012 148  0   0.8   0.4   0.0  1.64  -0.02 17 101   -11 128.2
2012 175  0   0.6   0.1  -1.0  1.96   0.46 23  96   -20 141.3
2012 202  0   0.5  -0.4   0.2  1.59  -0.13 17  98    -6 123.8
2012 229  0   0.3   0.3  -0.3  1.69   0.11 17  93   -11 117.8
2012 256  0   0.5   0.2   0.2  1.53  -0.07 13  75    -8 116.8
2012 283  0  -0.2  -0.5  -0.7  1.36   0.20 17  77   -16 122.2
2012 310  0   0.4   0.2  -0.3  1.53   0.08 13  93    -8 121.1
2012 337  0  -0.2   0.3   0.1  1.48  -0.02  7  56     7 105.3
2012 364  0  -0.1  -0.3   0.1  1.63  -0.01 10 103    -0 128.1
2013  25  0  -0.1   0.1  -0.2  1.87   0.06 13  61    -6 100.9
2013  52  0   0.6  -0.5   0.3  2.07  -0.02 17  83    -9 111.3
2013  79  0   0.6  -0.0   0.5  1.62  -0.21 13  86   -12 117.9
2013 106  0   0.0  -0.1  -0.1  1.59   0.06 13 110    -6 129.2
2013 133  0  -0.3  -0.1  -0.5  2.09   0.29 23 102   -16 124.7
2013 160  0   0.4  -0.4  -0.7  1.65   0.29 17  87   -10 117.1
2013 187  0  -0.1   0.2  -1.2  1.52   0.45 20  83    -7 117.3
2013 214  0  -0.2   0.1  -0.4  1.65   0.17 17  94    -6 119.4
2013 241  0   0.2  -0.3  -0.2  1.42   0.02 13  55    -6 103.5
2013 268  0  -0.7   0.3   0.3  1.45  -0.05 13  93    -8 118.0
2013 295  0  -0.4  -0.8  -0.4  1.39   0.07 13 138   -11 154.4
2013 322  0  -0.8   0.3   0.2  1.33  -0.06 10 107    -5 141.6
2013 349  0  -0.8   1.3  -0.0  1.40  -0.06 10 125    -6 157.2
2014  11  0  -0.4   1.0   0.1  1.18  -0.17 10 115    -4 147.8
2014  38  0   0.4   0.3   0.0  2.15  -0.02 20 150   -19 160.6
2014  65  0  -0.6   0.5   0.2  1.28  -0.18 10 123    -1 147.1
2014  92  0  -0.1   0.4  -0.3  1.73  -0.05 17 116    -6 146.5
2014 119  0   0.2  -0.1  -0.1  1.58   0.03 13 120    -7 138.3
2014 146  0  -0.3   0.0   0.7  1.85  -0.26 13 103    -2 126.8
2014 173  0  -0.1   0.9   0.2  1.45  -0.05 10 105    -1 143.0
2014 200  0  -0.3   0.5   0.1  1.51   0.01 13  92    -5 124.8
2014 227  0  -0.3   0.7   0.2  1.84   0.03 17 116    -7 136.0
2014 254  0   0.7  -0.1   1.1  2.24  -0.55 20 121    -5 144.5
2014 281  0  -0.6   1.0   0.2  2.22   0.06 20  88   -14 155.1
2014 308  0   0.6  -0.5   0.5  2.25  -0.26 20 104   -13 154.6
2014 335  0   1.0  -0.1   0.3  2.63  -0.19 23 116    -3 157.9
2014 362  0   0.1   0.4   0.2  2.59  -0.11 20  86   -13 133.2
2015  24  0   0.6  -0.8  -0.1  2.53   0.14 20  88   -10 135.7
2015  51  0  -0.7   0.3  -0.1  3.31   0.05 23  44   -12 119.6
2015  78  0   0.1   0.5   0.8  2.80  -0.45 23  64   -15 126.0
2015 105  0  -0.9   0.6   0.1  2.42  -0.12 20  98   -10 136.1
2015 132  0  -1.1   1.3   0.5  1.97  -0.26 13  77    -4 116.4
2015 159  0  -1.1   1.0  -0.1  2.61   0.07 23  66   -29 131.3
2015 186  0  -1.2   1.0   0.0  1.99   0.11 17  64   -15 109.6
2015 213  0  -1.6   2.4  -0.3  2.21   0.50 23  67   -12 110.6
2015 240  0  -0.7   0.9  -0.1  2.86   0.16 27  59   -22  97.4
2015 267  0  -1.3   1.5  -0.5  2.26   0.47 23  73   -20 104.6
2015 294  0  -1.9   1.1   0.1  2.49   0.13 23  76   -16 110.5
2015 321  0  -0.9   0.4  -0.0  2.40   0.04 17  56    -7 103.7
2015 348  0   0.3  -0.7  -0.7  3.00   0.21 23  56   -15 108.8
2016  10  0   0.8   0.5  -0.1  2.29  -0.05 17  61    -9 102.5
2016  37  0   0.3  -0.6   0.3  2.49  -0.04 20  54    -8  99.1
2016  64  0  -0.3   0.0   0.3  2.57  -0.11 20  53   -14  90.3
2016  91  0  -0.0   0.1   0.2  2.34  -0.09 17  30    -9  93.5
2016 118  0  -0.2  -0.1  -0.4  2.16   0.20 20  62    -9  96.3
2016 145  0  -0.0   0.1   0.2  2.22  -0.10 17  29    -4  88.7
2016 172  0  -0.4   0.1  -0.0  2.28   0.03 20  26    -3  85.3
2016 199  0   0.2   0.0   0.3  2.38  -0.11 20  36    -7  88.1
2016 226  0   0.1   0.3  -0.2  2.02   0.18 20  54   -13  89.5
2016 253  0  -0.9   0.1  -0.0  2.19   0.02 20  38   -13  86.4
2016 280  0  -0.6   1.1  -0.2  2.19   0.28 23  34   -19  84.6
2016 307  0  -0.5   0.2  -0.1  2.22   0.06 17  20    -7  76.5
2016 334  0  -0.5   1.0   0.0  2.34  -0.00 17  23    -2  73.8
2016 361  0  -0.4   0.3  -0.3  2.49   0.11 20  17    -9  72.7
2017  22  0   0.5   0.2  -0.2  2.39   0.09 20  30    -9  74.6
2017  49  0   0.4  -0.1  -0.1  2.33   0.09 23  19   -15  74.7
2017  76  0   0.5   0.4   0.2  2.37  -0.12 20  33   -10  80.1
2017 103  0   0.5  -0.2  -0.1  2.04   0.14 17  24    -6  77.8
2017 130  0   0.1   0.3   0.1  2.16  -0.00 17  20    -4  76.3
2017 157  0  -0.4   0.6   0.1  1.87  -0.02 13  18    -2  76.2
2017 184  0  -0.6   0.7   0.0  1.89   0.06 17  19   -12  81.2
2017 211  0  -1.0   0.2  -0.1  2.13   0.11 20  28    -5  78.2
2017 238  0  -0.9   1.1  -0.0  2.29   0.22 23  48   -24  94.5
2017 265  0  -0.8   0.5  -0.2  2.24   0.22 20  18   -17  80.1
2017 292  0  -1.0   0.4  -0.2  2.42   0.16 17   8   -12  72.1
2017 319  0  -0.7   0.5  -0.2  2.34   0.12 17   8    -5  70.3
2017 346  0  -0.2   0.1  -0.1  2.23   0.06 13   9     2  69.4
2018   8  0   0.3  -0.3  -0.1  2.31   0.06 13   7     5  67.7
2018  35  0  -1.2   1.0  -0.2  2.24  -0.01 10 999     5  71.0
